<?xml version="1.0" encoding="UTF-8"?>
<!-- Generated by org.testng.reporters.JUnitReportReporter -->
<testsuite hostname="LAPTOP-V1AUDLO5" failures="0" tests="5" name="Test_Scenario.UniCreds_Contact_Test" time="1.228" errors="0" timestamp="2022-10-29T19:19:29 IST" skipped="0">
  <testcase classname="Test_Scenario.UniCreds_Contact_Test" name="Message" time="0.251"/>
  <system-out/>
  <testcase classname="Test_Scenario.UniCreds_Contact_Test" name="Name" time="0.213"/>
  <system-out/>
  <testcase classname="Test_Scenario.UniCreds_Contact_Test" name="Phone" time="0.145"/>
  <system-out/>
  <testcase classname="Test_Scenario.UniCreds_Contact_Test" name="Submit" time="0.306"/>
  <system-out/>
  <testcase classname="Test_Scenario.UniCreds_Contact_Test" name="Email" time="0.313"/>
  <system-out/>
</testsuite> <!-- Test_Scenario.UniCreds_Contact_Test -->
